2019-03-31 14:10:19 SMAITH2 [INFO] Setting up a new Game...
2019-03-31 14:10:19 SMAITH2 [INFO] You are WHITE.
2019-03-31 14:10:19 Settings [DEBUG] Locale: en
2019-03-31 14:10:19 Settings [DEBUG] Locale: en
2019-03-31 14:10:19 GUI [DEBUG] THEME: null
2019-03-31 14:10:19 GUI [DEBUG] THEME: null
2019-03-31 14:10:19 GUI [DEBUG] THEME: null
2019-03-31 14:10:19 GUI [DEBUG] THEME: null
2019-03-31 14:10:19 GUI [DEBUG] THEME: null
2019-03-31 14:10:19 GUI [DEBUG] THEME: null
2019-03-31 14:10:19 GUI [DEBUG] THEME: null
2019-03-31 14:10:19 GUI [DEBUG] THEME: null
2019-03-31 14:10:19 GUI [DEBUG] THEME: null
2019-03-31 14:10:19 GUI [DEBUG] THEME: null
2019-03-31 14:10:19 GUI [DEBUG] THEME: null
2019-03-31 14:10:19 GUI [DEBUG] THEME: null
2019-03-31 14:10:19 GUI [DEBUG] THEME: null
2019-03-31 14:10:19 GUI [DEBUG] THEME: null
2019-03-31 14:10:19 GUI [DEBUG] THEME: null
2019-03-31 14:10:19 GUI [DEBUG] THEME: null
2019-03-31 14:10:19 GUI [DEBUG] THEME: null
2019-03-31 14:10:19 GUI [DEBUG] THEME: null
2019-03-31 14:10:19 GUI [DEBUG] THEME: null
2019-03-31 14:10:19 GUI [DEBUG] THEME: null
2019-03-31 14:10:19 GUI [DEBUG] THEME: null
2019-03-31 14:10:19 GUI [DEBUG] THEME: null
2019-03-31 14:10:19 GUI [DEBUG] THEME: null
2019-03-31 14:10:19 GUI [DEBUG] THEME: null
2019-03-31 14:10:19 GUI [DEBUG] THEME: null
2019-03-31 14:10:19 GUI [DEBUG] THEME: null
2019-03-31 14:10:19 GUI [DEBUG] THEME: null
2019-03-31 14:10:19 GUI [DEBUG] THEME: null
2019-03-31 14:10:19 GUI [DEBUG] THEME: null
2019-03-31 14:10:19 GUI [DEBUG] THEME: null
2019-03-31 14:10:19 GUI [DEBUG] THEME: null
2019-03-31 14:10:19 GUI [DEBUG] THEME: null
2019-03-31 14:10:19 GUI [DEBUG] THEME: null
2019-03-31 14:10:19 GUI [DEBUG] THEME: null
2019-03-31 14:10:19 GUI [DEBUG] THEME: null
2019-03-31 14:10:19 GUI [DEBUG] THEME: null
2019-03-31 14:10:19 GUI [DEBUG] THEME: null
2019-03-31 14:10:19 GUI [DEBUG] THEME: null
2019-03-31 14:10:19 GUI [DEBUG] THEME: null
2019-03-31 14:10:19 GUI [DEBUG] THEME: null
2019-03-31 14:10:19 GUI [DEBUG] THEME: null
2019-03-31 14:10:19 GUI [DEBUG] THEME: null
2019-03-31 14:10:19 GUI [DEBUG] THEME: null
2019-03-31 14:10:19 GUI [DEBUG] THEME: null
2019-03-31 14:10:19 GUI [DEBUG] THEME: null
2019-03-31 14:10:19 GUI [DEBUG] THEME: null
2019-03-31 14:10:19 GUI [DEBUG] THEME: null
2019-03-31 14:10:19 GUI [DEBUG] THEME: null
2019-03-31 14:10:19 GUI [DEBUG] THEME: null
2019-03-31 14:10:19 GUI [DEBUG] THEME: null
2019-03-31 14:10:19 GUI [DEBUG] THEME: null
2019-03-31 14:10:19 Settings [DEBUG] Locale: en
2019-03-31 14:10:19 Settings [DEBUG] Locale: en
2019-03-31 14:10:19 Settings [DEBUG] Locale: en
2019-03-31 14:10:19 Settings [DEBUG] Locale: en
2019-03-31 14:10:19 Settings [DEBUG] Locale: en
2019-03-31 14:11:31 SMAITH2 [INFO] Setting up a new Game...
2019-03-31 14:11:31 SMAITH2 [INFO] You are WHITE.
2019-03-31 14:11:31 Settings [DEBUG] Locale: en
2019-03-31 14:11:31 Settings [DEBUG] Locale: en
2019-03-31 14:11:31 GUI [DEBUG] THEME: null
2019-03-31 14:11:31 GUI [DEBUG] THEME: null
2019-03-31 14:11:31 GUI [DEBUG] THEME: null
2019-03-31 14:11:31 GUI [DEBUG] THEME: null
2019-03-31 14:11:31 GUI [DEBUG] THEME: null
2019-03-31 14:11:31 GUI [DEBUG] THEME: null
2019-03-31 14:11:31 GUI [DEBUG] THEME: null
2019-03-31 14:11:31 GUI [DEBUG] THEME: null
2019-03-31 14:11:31 GUI [DEBUG] THEME: null
2019-03-31 14:11:31 GUI [DEBUG] THEME: null
2019-03-31 14:11:31 GUI [DEBUG] THEME: null
2019-03-31 14:11:31 GUI [DEBUG] THEME: null
2019-03-31 14:11:31 GUI [DEBUG] THEME: null
2019-03-31 14:11:31 GUI [DEBUG] THEME: null
2019-03-31 14:11:31 GUI [DEBUG] THEME: null
2019-03-31 14:11:31 GUI [DEBUG] THEME: null
2019-03-31 14:11:31 GUI [DEBUG] THEME: null
2019-03-31 14:11:31 GUI [DEBUG] THEME: null
2019-03-31 14:11:31 GUI [DEBUG] THEME: null
2019-03-31 14:11:31 GUI [DEBUG] THEME: null
2019-03-31 14:11:31 GUI [DEBUG] THEME: null
2019-03-31 14:11:31 GUI [DEBUG] THEME: null
2019-03-31 14:11:31 GUI [DEBUG] THEME: null
2019-03-31 14:11:31 GUI [DEBUG] THEME: null
2019-03-31 14:11:31 GUI [DEBUG] THEME: null
2019-03-31 14:11:31 GUI [DEBUG] THEME: null
2019-03-31 14:11:31 GUI [DEBUG] THEME: null
2019-03-31 14:11:31 GUI [DEBUG] THEME: null
2019-03-31 14:11:31 GUI [DEBUG] THEME: null
2019-03-31 14:11:31 GUI [DEBUG] THEME: null
2019-03-31 14:11:31 GUI [DEBUG] THEME: null
2019-03-31 14:11:31 GUI [DEBUG] THEME: null
2019-03-31 14:11:31 GUI [DEBUG] THEME: null
2019-03-31 14:11:31 GUI [DEBUG] THEME: null
2019-03-31 14:11:31 GUI [DEBUG] THEME: null
2019-03-31 14:11:31 GUI [DEBUG] THEME: null
2019-03-31 14:11:31 GUI [DEBUG] THEME: null
2019-03-31 14:11:31 GUI [DEBUG] THEME: null
2019-03-31 14:11:31 GUI [DEBUG] THEME: null
2019-03-31 14:11:31 GUI [DEBUG] THEME: null
2019-03-31 14:11:31 GUI [DEBUG] THEME: null
2019-03-31 14:11:31 GUI [DEBUG] THEME: null
2019-03-31 14:11:31 GUI [DEBUG] THEME: null
2019-03-31 14:11:31 GUI [DEBUG] THEME: null
2019-03-31 14:11:31 GUI [DEBUG] THEME: null
2019-03-31 14:11:31 GUI [DEBUG] THEME: null
2019-03-31 14:11:31 GUI [DEBUG] THEME: null
2019-03-31 14:11:31 GUI [DEBUG] THEME: null
2019-03-31 14:11:31 GUI [DEBUG] THEME: null
2019-03-31 14:11:31 GUI [DEBUG] THEME: null
2019-03-31 14:11:31 GUI [DEBUG] THEME: null
2019-03-31 14:11:31 Settings [DEBUG] Locale: en
2019-03-31 14:11:31 Settings [DEBUG] Locale: en
2019-03-31 14:11:31 Settings [DEBUG] Locale: en
2019-03-31 14:11:31 Settings [DEBUG] Locale: en
2019-03-31 14:11:31 Settings [DEBUG] Locale: en
2019-03-31 14:11:31 SMAITH2 [INFO] Setting up a new Game...
2019-03-31 14:11:31 SMAITH2 [INFO] You are BLACK.
2019-03-31 14:11:31 Settings [DEBUG] Locale: en
2019-03-31 14:11:31 Settings [DEBUG] Locale: en
2019-03-31 14:11:31 Settings [DEBUG] Locale: en
2019-03-31 14:11:31 Settings [DEBUG] Locale: en
2019-03-31 14:11:31 Settings [DEBUG] Locale: en
2019-03-31 14:11:31 Settings [DEBUG] Locale: en
2019-03-31 14:11:31 Settings [DEBUG] Locale: en
2019-03-31 14:11:31 Game [DEBUG] next move, active player: shanks, color: BLACK, type: LOCAL_USER
2019-03-31 14:11:31 SMAITH2 [INFO] First move is AI.
2019-03-31 14:11:31 SMAITH2 [INFO] Session is finished and game is terminated
2019-03-31 14:11:31 SMAITH2 [INFO] Setting up a new Game...
2019-03-31 14:11:31 SMAITH2 [INFO] You are WHITE.
2019-03-31 14:11:31 Settings [DEBUG] Locale: en
2019-03-31 14:11:31 Settings [DEBUG] Locale: en
2019-03-31 14:11:31 Settings [DEBUG] Locale: en
2019-03-31 14:11:31 Settings [DEBUG] Locale: en
2019-03-31 14:11:31 Settings [DEBUG] Locale: en
2019-03-31 14:11:31 Settings [DEBUG] Locale: en
2019-03-31 14:11:31 Settings [DEBUG] Locale: en
2019-03-31 14:11:31 SMAITH2 [INFO] Game not found
